<?xml version="1.0" encoding="UTF-8"?>
<!-- Generated by org.testng.reporters.JUnitXMLReporter -->
<testsuite ignored="0" hostname="Annam" failures="0" tests="1" name="Test1" time="0.101" errors="0" timestamp="2024-11-27T22:34:21 IST">
  <testcase classname="utility.base" name="@BeforeTest browserlaunch" time="-1.732727061411E9">
    <failure type="org.testng.TestNGException" message="
Parameter &amp;apos;Browser&amp;apos; is required by BeforeTest on method browserlaunch but has not been marked @Optional or defined
in C:\Users\sures\Downloads\AppQDTAS\AppQDTAS\testng.xml">
      <![CDATA[org.testng.TestNGException: 
Parameter 'Browser' is required by BeforeTest on method browserlaunch but has not been marked @Optional or defined
in C:\Users\sures\Downloads\AppQDTAS\AppQDTAS\testng.xml
at java.base/java.util.concurrent.FutureTask.run(FutureTask.java:264)
at java.base/java.util.concurrent.ThreadPoolExecutor.runWorker(ThreadPoolExecutor.java:1136)
at java.base/java.util.concurrent.ThreadPoolExecutor$Worker.run(ThreadPoolExecutor.java:635)
at java.base/java.lang.Thread.run(Thread.java:840)
... Removed 11 stack frames]]>
    </failure>
  </testcase> <!-- @BeforeTest browserlaunch -->
  <testcase classname="utility.base" name="@AfterMethod failedScreenshot" time="0.0">
    <skipped/>
  </testcase> <!-- @AfterMethod failedScreenshot -->
  <testcase classname="Test.VerifyLoginPage" name="loginpage" time="0.0">
    <skipped/>
  </testcase> <!-- loginpage -->
</testsuite> <!-- Test1 -->
